<?xml version="1.0" encoding="UTF-8"?>
<!-- Generated by org.testng.reporters.JUnitReportReporter -->
<testsuite skipped="0" hostname="DMINBNOI18021" name="com.TestCases.LoginTestCase" tests="1" failures="0" timestamp="04 Oct 2018 10:06:37 GMT" time="34.403" errors="0">
  <testcase name="LoginTest" time="34.403" classname="com.TestCases.LoginTestCase"/>
</testsuite> <!-- com.TestCases.LoginTestCase -->
